<?xml version="1.0" encoding="UTF-8"?>
<!-- Generated by org.testng.reporters.JUnitXMLReporter -->
<testsuite hostname="lin35003850" name="Default test" tests="6" failures="0" timestamp="26 Aug 2019 18:33:17 GMT" time="0.041" errors="0">
  <testcase name="sum" time="0.016" classname="testngg.priorityCheck"/>
  <testcase name="sum" time="0.015" classname="testngg.prioritycheck2"/>
  <testcase name="sub" time="0.002" classname="testngg.prioritycheck2"/>
  <testcase name="mul" time="0.002" classname="testngg.priorityCheck"/>
  <testcase name="sub" time="0.005" classname="testngg.priorityCheck"/>
  <testcase name="mul" time="0.001" classname="testngg.prioritycheck2"/>
</testsuite> <!-- Default test -->
