<?xml version="1.0" encoding="UTF-8"?>
<!-- Generated by org.testng.reporters.JUnitXMLReporter -->
<testsuite hostname="lin35003850" name="Default test" tests="4" failures="0" timestamp="10 Sep 2019 17:27:16 GMT" time="0.031" errors="0">
  <testcase name="divide" time="0.0" classname="TestNg_practice.Annotation_Demo"/>
  <testcase name="mul" time="0.016" classname="TestNg_practice.Annotation_Demo"/>
  <testcase name="sub" time="0.0" classname="TestNg_practice.Annotation_Demo"/>
  <testcase name="sum" time="0.0" classname="TestNg_practice.Annotation_Demo"/>
</testsuite> <!-- Default test -->
