<?xml version="1.0" encoding="UTF-8"?>
<testng-results skipped="0" failed="0" total="4" passed="4">
  <reporter-output>
  </reporter-output>
  <suite name="Default suite" duration-ms="31" started-at="2019-09-10T17:27:16Z" finished-at="2019-09-10T17:27:16Z">
    <groups>
    </groups>
    <test name="Default test" duration-ms="31" started-at="2019-09-10T17:27:16Z" finished-at="2019-09-10T17:27:16Z">
      <class name="TestNg_practice.Annotation_Demo">
        <test-method status="PASS" signature="BeforeSuite()[pri:0, instance:TestNg_practice.Annotation_Demo@39f790]" name="BeforeSuite" is-config="true" duration-ms="0" started-at="2019-09-10T22:57:16Z" finished-at="2019-09-10T22:57:16Z">
          <reporter-output>
          </reporter-output>
        </test-method> <!-- BeforeSuite -->
        <test-method status="PASS" signature="AfterMethod()[pri:0, instance:TestNg_practice.Annotation_Demo@39f790]" name="AfterMethod" is-config="true" duration-ms="0" started-at="2019-09-10T22:57:16Z" finished-at="2019-09-10T22:57:16Z">
          <reporter-output>
          </reporter-output>
        </test-method> <!-- AfterMethod -->
        <test-method status="PASS" signature="mul()[pri:0, instance:TestNg_practice.Annotation_Demo@39f790]" name="mul" duration-ms="16" started-at="2019-09-10T22:57:16Z" finished-at="2019-09-10T22:57:16Z">
          <reporter-output>
          </reporter-output>
        </test-method> <!-- mul -->
        <test-method status="PASS" signature="divide()[pri:0, instance:TestNg_practice.Annotation_Demo@39f790]" name="divide" duration-ms="0" started-at="2019-09-10T22:57:16Z" finished-at="2019-09-10T22:57:16Z">
          <reporter-output>
          </reporter-output>
        </test-method> <!-- divide -->
        <test-method status="PASS" signature="BeforeMethod()[pri:0, instance:TestNg_practice.Annotation_Demo@39f790]" name="BeforeMethod" is-config="true" duration-ms="0" started-at="2019-09-10T22:57:16Z" finished-at="2019-09-10T22:57:16Z">
          <reporter-output>
          </reporter-output>
        </test-method> <!-- BeforeMethod -->
        <test-method status="PASS" signature="BeforeClass()[pri:0, instance:TestNg_practice.Annotation_Demo@39f790]" name="BeforeClass" is-config="true" duration-ms="0" started-at="2019-09-10T22:57:16Z" finished-at="2019-09-10T22:57:16Z">
          <reporter-output>
          </reporter-output>
        </test-method> <!-- BeforeClass -->
        <test-method status="PASS" signature="BeforeMethod()[pri:0, instance:TestNg_practice.Annotation_Demo@39f790]" name="BeforeMethod" is-config="true" duration-ms="0" started-at="2019-09-10T22:57:16Z" finished-at="2019-09-10T22:57:16Z">
          <reporter-output>
          </reporter-output>
        </test-method> <!-- BeforeMethod -->
        <test-method status="PASS" signature="BeforeTest()[pri:0, instance:TestNg_practice.Annotation_Demo@39f790]" name="BeforeTest" is-config="true" duration-ms="0" started-at="2019-09-10T22:57:16Z" finished-at="2019-09-10T22:57:16Z">
          <reporter-output>
          </reporter-output>
        </test-method> <!-- BeforeTest -->
        <test-method status="PASS" signature="AfterTest()[pri:0, instance:TestNg_practice.Annotation_Demo@39f790]" name="AfterTest" is-config="true" duration-ms="0" started-at="2019-09-10T22:57:16Z" finished-at="2019-09-10T22:57:16Z">
          <reporter-output>
          </reporter-output>
        </test-method> <!-- AfterTest -->
        <test-method status="PASS" signature="sum()[pri:0, instance:TestNg_practice.Annotation_Demo@39f790]" name="sum" duration-ms="0" started-at="2019-09-10T22:57:16Z" finished-at="2019-09-10T22:57:16Z">
          <reporter-output>
          </reporter-output>
        </test-method> <!-- sum -->
        <test-method status="PASS" signature="AfterMethod()[pri:0, instance:TestNg_practice.Annotation_Demo@39f790]" name="AfterMethod" is-config="true" duration-ms="0" started-at="2019-09-10T22:57:16Z" finished-at="2019-09-10T22:57:16Z">
          <reporter-output>
          </reporter-output>
        </test-method> <!-- AfterMethod -->
        <test-method status="PASS" signature="BeforeMethod()[pri:0, instance:TestNg_practice.Annotation_Demo@39f790]" name="BeforeMethod" is-config="true" duration-ms="0" started-at="2019-09-10T22:57:16Z" finished-at="2019-09-10T22:57:16Z">
          <reporter-output>
          </reporter-output>
        </test-method> <!-- BeforeMethod -->
        <test-method status="PASS" signature="sub()[pri:0, instance:TestNg_practice.Annotation_Demo@39f790]" name="sub" duration-ms="0" started-at="2019-09-10T22:57:16Z" finished-at="2019-09-10T22:57:16Z">
          <reporter-output>
          </reporter-output>
        </test-method> <!-- sub -->
        <test-method status="PASS" signature="AfterMethod()[pri:0, instance:TestNg_practice.Annotation_Demo@39f790]" name="AfterMethod" is-config="true" duration-ms="0" started-at="2019-09-10T22:57:16Z" finished-at="2019-09-10T22:57:16Z">
          <reporter-output>
          </reporter-output>
        </test-method> <!-- AfterMethod -->
        <test-method status="PASS" signature="AfterClass()[pri:0, instance:TestNg_practice.Annotation_Demo@39f790]" name="AfterClass" is-config="true" duration-ms="0" started-at="2019-09-10T22:57:16Z" finished-at="2019-09-10T22:57:16Z">
          <reporter-output>
          </reporter-output>
        </test-method> <!-- AfterClass -->
        <test-method status="PASS" signature="AfterMethod()[pri:0, instance:TestNg_practice.Annotation_Demo@39f790]" name="AfterMethod" is-config="true" duration-ms="0" started-at="2019-09-10T22:57:16Z" finished-at="2019-09-10T22:57:16Z">
          <reporter-output>
          </reporter-output>
        </test-method> <!-- AfterMethod -->
        <test-method status="PASS" signature="BeforeMethod()[pri:0, instance:TestNg_practice.Annotation_Demo@39f790]" name="BeforeMethod" is-config="true" duration-ms="0" started-at="2019-09-10T22:57:16Z" finished-at="2019-09-10T22:57:16Z">
          <reporter-output>
          </reporter-output>
        </test-method> <!-- BeforeMethod -->
        <test-method status="PASS" signature="AfterSuite()[pri:0, instance:TestNg_practice.Annotation_Demo@39f790]" name="AfterSuite" is-config="true" duration-ms="0" started-at="2019-09-10T22:57:16Z" finished-at="2019-09-10T22:57:16Z">
          <reporter-output>
          </reporter-output>
        </test-method> <!-- AfterSuite -->
      </class> <!-- TestNg_practice.Annotation_Demo -->
    </test> <!-- Default test -->
  </suite> <!-- Default suite -->
</testng-results>
